build/app/intermediates/manifest_merge_blame_file/debug/manifest-merger-blame-debug-report.txt
1<?xml version="1.0" encoding="utf-8"?>
2<manifest xmlns:android="http://schemas.android.com/apk/res/android"
3    package="com.exopek.video_app"
4    android:versionCode="1"
5    android:versionName="1.0.0" >
6
7    <uses-sdk
8        android:minSdkVersion="21"
9        android:targetSdkVersion="29" />
10    <!--
11         Flutter needs it to communicate with the running application
12         to allow setting breakpoints, to provide hot reload, etc.
13    -->
14    <uses-permission android:name="android.permission.INTERNET" />
14-->src\debug\AndroidManifest.xml:6:5-66
14-->src\debug\AndroidManifest.xml:6:22-64
15    <uses-permission android:name="android.permission.READ_EXTERNAL_STORAGE" />
15-->[:image_picker] AndroidManifest.xml:7:5-80
15-->[:image_picker] AndroidManifest.xml:7:22-77
16    <uses-permission android:name="android.permission.WRITE_EXTERNAL_STORAGE" />
16-->[:image_picker] AndroidManifest.xml:8:5-81
16-->[:image_picker] AndroidManifest.xml:8:22-78
17    <uses-permission android:name="android.permission.ACCESS_NETWORK_STATE" />
17-->[com.google.android.exoplayer:exoplayer-core:2.12.1] AndroidManifest.xml:24:5-79
17-->[com.google.android.exoplayer:exoplayer-core:2.12.1] AndroidManifest.xml:24:22-76
18    <uses-permission android:name="android.permission.WAKE_LOCK" />
18-->[com.google.android.gms:play-services-measurement-api:18.0.1] AndroidManifest.xml:24:5-68
18-->[com.google.android.gms:play-services-measurement-api:18.0.1] AndroidManifest.xml:24:22-65
19    <uses-permission android:name="com.google.android.finsky.permission.BIND_GET_INSTALL_REFERRER_SERVICE" />
19-->[com.google.android.gms:play-services-measurement:18.0.1] AndroidManifest.xml:26:5-110
19-->[com.google.android.gms:play-services-measurement:18.0.1] AndroidManifest.xml:26:22-107
20    <!--
21 io.flutter.app.FlutterApplication is an android.app.Application that
22         calls FlutterMain.startInitialization(this); in its onCreate method.
23         In most cases you can leave this as-is, but you if you want to provide
24         additional functionality it is fine to subclass or reimplement
25         FlutterApplication and put your custom class here.
26    -->
27    <application
27-->src\main\AndroidManifest.xml:8:5-46:19
28        android:name="io.flutter.app.FlutterApplication"
28-->src\main\AndroidManifest.xml:9:9-57
29        android:appComponentFactory="androidx.core.app.CoreComponentFactory"
29-->[androidx.core:core:1.1.0] AndroidManifest.xml:24:18-86
30        android:debuggable="true"
31        android:icon="@mipmap/ic_launcher"
31-->src\main\AndroidManifest.xml:11:9-43
32        android:label="video_app" >
32-->src\main\AndroidManifest.xml:10:9-34
33        <activity
33-->src\main\AndroidManifest.xml:12:9-40:20
34            android:name="com.exopek.video_app.MainActivity"
34-->src\main\AndroidManifest.xml:13:13-41
35            android:configChanges="orientation|keyboardHidden|keyboard|screenSize|smallestScreenSize|locale|layoutDirection|fontScale|screenLayout|density|uiMode"
35-->src\main\AndroidManifest.xml:16:13-163
36            android:hardwareAccelerated="true"
36-->src\main\AndroidManifest.xml:17:13-47
37            android:launchMode="singleTop"
37-->src\main\AndroidManifest.xml:14:13-43
38            android:theme="@style/LaunchTheme"
38-->src\main\AndroidManifest.xml:15:13-47
39            android:windowSoftInputMode="adjustResize" >
39-->src\main\AndroidManifest.xml:18:13-55
40
41            <!--
42                 Specifies an Android theme to apply to this Activity as soon as
43                 the Android process has started. This theme is visible to the user
44                 while the Flutter UI initializes. After that, this theme continues
45                 to determine the Window background behind the Flutter UI.
46            -->
47            <meta-data
47-->src\main\AndroidManifest.xml:23:13-26:17
48                android:name="io.flutter.embedding.android.NormalTheme"
48-->src\main\AndroidManifest.xml:24:15-70
49                android:resource="@style/NormalTheme" />
49-->src\main\AndroidManifest.xml:25:15-52
50            <!--
51                 Displays an Android View that continues showing the launch screen
52                 Drawable until Flutter paints its first frame, then this splash
53                 screen fades out. A splash screen is useful to avoid any visual
54                 gap between the end of Android's launch screen and the painting of
55                 Flutter's first frame.
56            -->
57            <meta-data
57-->src\main\AndroidManifest.xml:32:13-35:17
58                android:name="io.flutter.embedding.android.SplashScreenDrawable"
58-->src\main\AndroidManifest.xml:33:15-79
59                android:resource="@drawable/launch_background" />
59-->src\main\AndroidManifest.xml:34:15-61
60
61            <intent-filter>
61-->src\main\AndroidManifest.xml:36:13-39:29
62                <action android:name="android.intent.action.MAIN" />
62-->src\main\AndroidManifest.xml:37:17-68
62-->src\main\AndroidManifest.xml:37:25-66
63
64                <category android:name="android.intent.category.LAUNCHER" />
64-->src\main\AndroidManifest.xml:38:17-76
64-->src\main\AndroidManifest.xml:38:27-74
65            </intent-filter>
66        </activity>
67        <!--
68             Don't delete the meta-data below.
69             This is used by the Flutter tool to generate GeneratedPluginRegistrant.java
70        -->
71        <meta-data
71-->src\main\AndroidManifest.xml:43:9-45:33
72            android:name="flutterEmbedding"
72-->src\main\AndroidManifest.xml:44:13-44
73            android:value="2" />
73-->src\main\AndroidManifest.xml:45:13-30
74
75        <service
75-->[:firebase_storage] AndroidManifest.xml:8:9-12:19
76            android:name="com.google.firebase.components.ComponentDiscoveryService"
76-->[:firebase_storage] AndroidManifest.xml:8:18-89
77            android:directBootAware="true"
77-->[com.google.firebase:firebase-common:19.5.0] AndroidManifest.xml:35:13-43
78            android:exported="false" >
78-->[com.google.firebase:firebase-firestore:22.0.1] AndroidManifest.xml:19:13-37
79            <meta-data
79-->[:firebase_storage] AndroidManifest.xml:9:13-11:85
80                android:name="com.google.firebase.components:io.flutter.plugins.firebase.storage.FlutterFirebaseAppRegistrar"
80-->[:firebase_storage] AndroidManifest.xml:10:17-126
81                android:value="com.google.firebase.components.ComponentRegistrar" />
81-->[:firebase_storage] AndroidManifest.xml:11:17-82
82            <meta-data
82-->[:cloud_firestore] AndroidManifest.xml:9:13-11:85
83                android:name="com.google.firebase.components:io.flutter.plugins.firebase.firestore.FlutterFirebaseFirestoreRegistrar"
83-->[:cloud_firestore] AndroidManifest.xml:10:17-134
84                android:value="com.google.firebase.components.ComponentRegistrar" />
84-->[:cloud_firestore] AndroidManifest.xml:11:17-82
85            <meta-data
85-->[:firebase_auth] AndroidManifest.xml:9:13-11:85
86                android:name="com.google.firebase.components:io.flutter.plugins.firebase.auth.FlutterFirebaseAuthRegistrar"
86-->[:firebase_auth] AndroidManifest.xml:10:17-124
87                android:value="com.google.firebase.components.ComponentRegistrar" />
87-->[:firebase_auth] AndroidManifest.xml:11:17-82
88            <meta-data
88-->[:firebase_core] AndroidManifest.xml:9:13-11:85
89                android:name="com.google.firebase.components:io.flutter.plugins.firebase.core.FlutterFirebaseCoreRegistrar"
89-->[:firebase_core] AndroidManifest.xml:10:17-124
90                android:value="com.google.firebase.components.ComponentRegistrar" />
90-->[:firebase_core] AndroidManifest.xml:11:17-82
91            <meta-data
91-->[com.google.firebase:firebase-firestore:22.0.1] AndroidManifest.xml:20:13-22:85
92                android:name="com.google.firebase.components:com.google.firebase.firestore.FirestoreRegistrar"
92-->[com.google.firebase:firebase-firestore:22.0.1] AndroidManifest.xml:21:17-111
93                android:value="com.google.firebase.components.ComponentRegistrar" />
93-->[com.google.firebase:firebase-firestore:22.0.1] AndroidManifest.xml:22:17-82
94            <meta-data
94-->[com.google.firebase:firebase-storage:19.2.1] AndroidManifest.xml:33:13-35:85
95                android:name="com.google.firebase.components:com.google.firebase.storage.StorageRegistrar"
95-->[com.google.firebase:firebase-storage:19.2.1] AndroidManifest.xml:34:17-107
96                android:value="com.google.firebase.components.ComponentRegistrar" />
96-->[com.google.firebase:firebase-storage:19.2.1] AndroidManifest.xml:35:17-82
97            <meta-data
97-->[com.google.firebase:firebase-auth:20.0.2] AndroidManifest.xml:77:13-79:85
98                android:name="com.google.firebase.components:com.google.firebase.auth.FirebaseAuthRegistrar"
98-->[com.google.firebase:firebase-auth:20.0.2] AndroidManifest.xml:78:17-109
99                android:value="com.google.firebase.components.ComponentRegistrar" />
99-->[com.google.firebase:firebase-auth:20.0.2] AndroidManifest.xml:79:17-82
100            <meta-data
100-->[com.google.android.gms:play-services-measurement-api:18.0.1] AndroidManifest.xml:30:13-32:85
101                android:name="com.google.firebase.components:com.google.firebase.analytics.connector.internal.AnalyticsConnectorRegistrar"
101-->[com.google.android.gms:play-services-measurement-api:18.0.1] AndroidManifest.xml:31:17-139
102                android:value="com.google.firebase.components.ComponentRegistrar" />
102-->[com.google.android.gms:play-services-measurement-api:18.0.1] AndroidManifest.xml:32:17-82
103            <meta-data
103-->[com.google.firebase:firebase-installations:16.3.5] AndroidManifest.xml:18:13-20:85
104                android:name="com.google.firebase.components:com.google.firebase.installations.FirebaseInstallationsRegistrar"
104-->[com.google.firebase:firebase-installations:16.3.5] AndroidManifest.xml:19:17-127
105                android:value="com.google.firebase.components.ComponentRegistrar" />
105-->[com.google.firebase:firebase-installations:16.3.5] AndroidManifest.xml:20:17-82
106            <!--
107                This registrar is not defined in the dynamic-module-support sdk itself to allow non-firebase
108                clients to use it as well, by defining this registrar in their own core/common library.
109            -->
110            <meta-data
110-->[com.google.firebase:firebase-common:19.5.0] AndroidManifest.xml:43:13-45:85
111                android:name="com.google.firebase.components:com.google.firebase.dynamicloading.DynamicLoadingRegistrar"
111-->[com.google.firebase:firebase-common:19.5.0] AndroidManifest.xml:44:17-121
112                android:value="com.google.firebase.components.ComponentRegistrar" />
112-->[com.google.firebase:firebase-common:19.5.0] AndroidManifest.xml:45:17-82
113        </service>
114
115        <provider
115-->[:image_picker] AndroidManifest.xml:11:9-19:20
116            android:name="io.flutter.plugins.imagepicker.ImagePickerFileProvider"
116-->[:image_picker] AndroidManifest.xml:12:13-82
117            android:authorities="com.exopek.video_app.flutter.image_provider"
117-->[:image_picker] AndroidManifest.xml:13:13-74
118            android:exported="false"
118-->[:image_picker] AndroidManifest.xml:14:13-37
119            android:grantUriPermissions="true" >
119-->[:image_picker] AndroidManifest.xml:15:13-47
120            <meta-data
120-->[:image_picker] AndroidManifest.xml:16:13-18:75
121                android:name="android.support.FILE_PROVIDER_PATHS"
121-->[:image_picker] AndroidManifest.xml:17:17-67
122                android:resource="@xml/flutter_image_picker_file_paths" />
122-->[:image_picker] AndroidManifest.xml:18:17-72
123        </provider>
124
125        <activity
125-->[:url_launcher] AndroidManifest.xml:8:9-11:74
126            android:name="io.flutter.plugins.urllauncher.WebViewActivity"
126-->[:url_launcher] AndroidManifest.xml:9:13-74
127            android:exported="false"
127-->[:url_launcher] AndroidManifest.xml:10:13-37
128            android:theme="@android:style/Theme.NoTitleBar.Fullscreen" />
128-->[:url_launcher] AndroidManifest.xml:11:13-71
129        <activity
129-->[com.google.android.gms:play-services-auth:16.0.1] AndroidManifest.xml:23:9-27:75
130            android:name="com.google.android.gms.auth.api.signin.internal.SignInHubActivity"
130-->[com.google.android.gms:play-services-auth:16.0.1] AndroidManifest.xml:24:13-93
131            android:excludeFromRecents="true"
131-->[com.google.android.gms:play-services-auth:16.0.1] AndroidManifest.xml:25:13-46
132            android:exported="false"
132-->[com.google.android.gms:play-services-auth:16.0.1] AndroidManifest.xml:26:13-37
133            android:theme="@android:style/Theme.Translucent.NoTitleBar" />
133-->[com.google.android.gms:play-services-auth:16.0.1] AndroidManifest.xml:27:13-72
134        <!--
135            Service handling Google Sign-In user revocation. For apps that do not integrate with
136            Google Sign-In, this service will never be started.
137        -->
138        <service
138-->[com.google.android.gms:play-services-auth:16.0.1] AndroidManifest.xml:33:9-36:110
139            android:name="com.google.android.gms.auth.api.signin.RevocationBoundService"
139-->[com.google.android.gms:play-services-auth:16.0.1] AndroidManifest.xml:34:13-89
140            android:exported="true"
140-->[com.google.android.gms:play-services-auth:16.0.1] AndroidManifest.xml:35:13-36
141            android:permission="com.google.android.gms.auth.api.signin.permission.REVOCATION_NOTIFICATION" />
141-->[com.google.android.gms:play-services-auth:16.0.1] AndroidManifest.xml:36:13-107
142
143        <activity
143-->[com.google.firebase:firebase-auth:20.0.2] AndroidManifest.xml:27:9-44:20
144            android:name="com.google.firebase.auth.internal.GenericIdpActivity"
144-->[com.google.firebase:firebase-auth:20.0.2] AndroidManifest.xml:28:13-80
145            android:excludeFromRecents="true"
145-->[com.google.firebase:firebase-auth:20.0.2] AndroidManifest.xml:29:13-46
146            android:exported="true"
146-->[com.google.firebase:firebase-auth:20.0.2] AndroidManifest.xml:30:13-36
147            android:launchMode="singleTask"
147-->[com.google.firebase:firebase-auth:20.0.2] AndroidManifest.xml:31:13-44
148            android:theme="@android:style/Theme.Translucent.NoTitleBar" >
148-->[com.google.firebase:firebase-auth:20.0.2] AndroidManifest.xml:32:13-72
149            <intent-filter>
149-->[com.google.firebase:firebase-auth:20.0.2] AndroidManifest.xml:33:13-43:29
150                <action android:name="android.intent.action.VIEW" />
150-->[com.google.firebase:firebase-auth:20.0.2] AndroidManifest.xml:34:17-69
150-->[com.google.firebase:firebase-auth:20.0.2] AndroidManifest.xml:34:25-66
151
152                <category android:name="android.intent.category.DEFAULT" />
152-->[com.google.firebase:firebase-auth:20.0.2] AndroidManifest.xml:36:17-76
152-->[com.google.firebase:firebase-auth:20.0.2] AndroidManifest.xml:36:27-73
153                <category android:name="android.intent.category.BROWSABLE" />
153-->[com.google.firebase:firebase-auth:20.0.2] AndroidManifest.xml:37:17-78
153-->[com.google.firebase:firebase-auth:20.0.2] AndroidManifest.xml:37:27-75
154
155                <data
155-->[com.google.firebase:firebase-auth:20.0.2] AndroidManifest.xml:39:17-42:51
156                    android:host="firebase.auth"
156-->[com.google.firebase:firebase-auth:20.0.2] AndroidManifest.xml:40:21-49
157                    android:path="/"
157-->[com.google.firebase:firebase-auth:20.0.2] AndroidManifest.xml:41:21-37
158                    android:scheme="genericidp" />
158-->[com.google.firebase:firebase-auth:20.0.2] AndroidManifest.xml:42:21-48
159            </intent-filter>
160        </activity>
161        <activity
161-->[com.google.firebase:firebase-auth:20.0.2] AndroidManifest.xml:45:9-62:20
162            android:name="com.google.firebase.auth.internal.RecaptchaActivity"
162-->[com.google.firebase:firebase-auth:20.0.2] AndroidManifest.xml:46:13-79
163            android:excludeFromRecents="true"
163-->[com.google.firebase:firebase-auth:20.0.2] AndroidManifest.xml:47:13-46
164            android:exported="true"
164-->[com.google.firebase:firebase-auth:20.0.2] AndroidManifest.xml:48:13-36
165            android:launchMode="singleTask"
165-->[com.google.firebase:firebase-auth:20.0.2] AndroidManifest.xml:49:13-44
166            android:theme="@android:style/Theme.Translucent.NoTitleBar" >
166-->[com.google.firebase:firebase-auth:20.0.2] AndroidManifest.xml:50:13-72
167            <intent-filter>
167-->[com.google.firebase:firebase-auth:20.0.2] AndroidManifest.xml:51:13-61:29
168                <action android:name="android.intent.action.VIEW" />
168-->[com.google.firebase:firebase-auth:20.0.2] AndroidManifest.xml:34:17-69
168-->[com.google.firebase:firebase-auth:20.0.2] AndroidManifest.xml:34:25-66
169
170                <category android:name="android.intent.category.DEFAULT" />
170-->[com.google.firebase:firebase-auth:20.0.2] AndroidManifest.xml:36:17-76
170-->[com.google.firebase:firebase-auth:20.0.2] AndroidManifest.xml:36:27-73
171                <category android:name="android.intent.category.BROWSABLE" />
171-->[com.google.firebase:firebase-auth:20.0.2] AndroidManifest.xml:37:17-78
171-->[com.google.firebase:firebase-auth:20.0.2] AndroidManifest.xml:37:27-75
172
173                <data
173-->[com.google.firebase:firebase-auth:20.0.2] AndroidManifest.xml:39:17-42:51
174                    android:host="firebase.auth"
174-->[com.google.firebase:firebase-auth:20.0.2] AndroidManifest.xml:40:21-49
175                    android:path="/"
175-->[com.google.firebase:firebase-auth:20.0.2] AndroidManifest.xml:41:21-37
176                    android:scheme="recaptcha" />
176-->[com.google.firebase:firebase-auth:20.0.2] AndroidManifest.xml:42:21-48
177            </intent-filter>
178        </activity>
179
180        <service
180-->[com.google.firebase:firebase-auth:20.0.2] AndroidManifest.xml:64:9-73:19
181            android:name="com.google.firebase.auth.api.fallback.service.FirebaseAuthFallbackService"
181-->[com.google.firebase:firebase-auth:20.0.2] AndroidManifest.xml:65:13-101
182            android:enabled="true"
182-->[com.google.firebase:firebase-auth:20.0.2] AndroidManifest.xml:66:13-35
183            android:exported="false" >
183-->[com.google.firebase:firebase-auth:20.0.2] AndroidManifest.xml:67:13-37
184            <intent-filter>
184-->[com.google.firebase:firebase-auth:20.0.2] AndroidManifest.xml:68:13-72:29
185                <action android:name="com.google.firebase.auth.api.gms.service.START" />
185-->[com.google.firebase:firebase-auth:20.0.2] AndroidManifest.xml:69:17-89
185-->[com.google.firebase:firebase-auth:20.0.2] AndroidManifest.xml:69:25-86
186
187                <category android:name="android.intent.category.DEFAULT" />
187-->[com.google.firebase:firebase-auth:20.0.2] AndroidManifest.xml:36:17-76
187-->[com.google.firebase:firebase-auth:20.0.2] AndroidManifest.xml:36:27-73
188            </intent-filter>
189        </service>
190
191        <activity
191-->[com.google.android.gms:play-services-base:17.1.0] AndroidManifest.xml:23:9-26:75
192            android:name="com.google.android.gms.common.api.GoogleApiActivity"
192-->[com.google.android.gms:play-services-base:17.1.0] AndroidManifest.xml:24:13-79
193            android:exported="false"
193-->[com.google.android.gms:play-services-base:17.1.0] AndroidManifest.xml:25:13-37
194            android:theme="@android:style/Theme.Translucent.NoTitleBar" />
194-->[com.google.android.gms:play-services-base:17.1.0] AndroidManifest.xml:26:13-72
195
196        <provider
196-->[com.google.firebase:firebase-common:19.5.0] AndroidManifest.xml:26:9-31:39
197            android:name="com.google.firebase.provider.FirebaseInitProvider"
197-->[com.google.firebase:firebase-common:19.5.0] AndroidManifest.xml:27:13-77
198            android:authorities="com.exopek.video_app.firebaseinitprovider"
198-->[com.google.firebase:firebase-common:19.5.0] AndroidManifest.xml:28:13-72
199            android:directBootAware="true"
199-->[com.google.firebase:firebase-common:19.5.0] AndroidManifest.xml:29:13-43
200            android:exported="false"
200-->[com.google.firebase:firebase-common:19.5.0] AndroidManifest.xml:30:13-37
201            android:initOrder="100" />
201-->[com.google.firebase:firebase-common:19.5.0] AndroidManifest.xml:31:13-36
202
203        <receiver
203-->[com.google.android.gms:play-services-measurement:18.0.1] AndroidManifest.xml:29:9-33:20
204            android:name="com.google.android.gms.measurement.AppMeasurementReceiver"
204-->[com.google.android.gms:play-services-measurement:18.0.1] AndroidManifest.xml:30:13-85
205            android:enabled="true"
205-->[com.google.android.gms:play-services-measurement:18.0.1] AndroidManifest.xml:31:13-35
206            android:exported="false" >
206-->[com.google.android.gms:play-services-measurement:18.0.1] AndroidManifest.xml:32:13-37
207        </receiver>
208
209        <service
209-->[com.google.android.gms:play-services-measurement:18.0.1] AndroidManifest.xml:35:9-38:40
210            android:name="com.google.android.gms.measurement.AppMeasurementService"
210-->[com.google.android.gms:play-services-measurement:18.0.1] AndroidManifest.xml:36:13-84
211            android:enabled="true"
211-->[com.google.android.gms:play-services-measurement:18.0.1] AndroidManifest.xml:37:13-35
212            android:exported="false" />
212-->[com.google.android.gms:play-services-measurement:18.0.1] AndroidManifest.xml:38:13-37
213        <service
213-->[com.google.android.gms:play-services-measurement:18.0.1] AndroidManifest.xml:39:9-43:72
214            android:name="com.google.android.gms.measurement.AppMeasurementJobService"
214-->[com.google.android.gms:play-services-measurement:18.0.1] AndroidManifest.xml:40:13-87
215            android:enabled="true"
215-->[com.google.android.gms:play-services-measurement:18.0.1] AndroidManifest.xml:41:13-35
216            android:exported="false"
216-->[com.google.android.gms:play-services-measurement:18.0.1] AndroidManifest.xml:42:13-37
217            android:permission="android.permission.BIND_JOB_SERVICE" />
217-->[com.google.android.gms:play-services-measurement:18.0.1] AndroidManifest.xml:43:13-69
218
219        <meta-data
219-->[com.google.android.gms:play-services-basement:17.1.0] AndroidManifest.xml:23:9-25:69
220            android:name="com.google.android.gms.version"
220-->[com.google.android.gms:play-services-basement:17.1.0] AndroidManifest.xml:24:13-58
221            android:value="@integer/google_play_services_version" />
221-->[com.google.android.gms:play-services-basement:17.1.0] AndroidManifest.xml:25:13-66
222    </application>
223
224</manifest>